<?xml version="1.0" encoding="UTF-8"?>
<!-- Generated by org.testng.reporters.JUnitReportReporter -->
<testsuite hostname="DESKTOP-AU9LR66" failures="0" tests="1" name="com.TESTNG.SeleniumTest" time="11.783" errors="0" timestamp="2023-08-17T15:40:39 IST" skipped="0">
  <testcase classname="com.TESTNG.SeleniumTest" name="testSeleniumFlow" time="11.783"/>
</testsuite> <!-- com.TESTNG.SeleniumTest -->
