<?xml version="1.0" encoding="UTF-8"?>
<!-- Generated by org.testng.reporters.JUnitReportReporter -->
<testsuite hostname="DESKTOP-AU9LR66" failures="0" tests="1" name="com.TESTNG.TestNGExample" time="0.016" errors="0" timestamp="2023-08-17T15:18:26 IST" skipped="0">
  <testcase classname="com.TESTNG.TestNGExample" name="testMethod" time="0.016"/>
</testsuite> <!-- com.TESTNG.TestNGExample -->
